#
# There is insufficient memory for the Java Runtime Environment to continue.
# Native memory allocation (malloc) failed to allocate 32744 bytes for ChunkPool::allocate
# Possible reasons:
#   The system is out of physical RAM or swap space
#   The process is running with CompressedOops enabled, and the Java Heap may be blocking the growth of the native heap
# Possible solutions:
#   Reduce memory load on the system
#   Increase physical memory or swap space
#   Check if swap backing store is full
#   Decrease Java heap size (-Xmx/-Xms)
#   Decrease number of Java threads
#   Decrease Java thread stack sizes (-Xss)
#   Set larger code cache with -XX:ReservedCodeCacheSize=
#   JVM is running with Zero Based Compressed Oops mode in which the Java heap is
#     placed in the first 32GB address space. The Java Heap base address is the
#     maximum limit for the native heap growth. Please use -XX:HeapBaseMinAddress
#     to set the Java Heap base and to place the Java Heap above 32GB virtual address.
# This output file may be truncated or incomplete.
#
#  Out of Memory Error (arena.cpp:78), pid=3804, tid=18444
#
# JRE version: OpenJDK Runtime Environment (17.0.6) (build 17.0.6+0-b2043.56-9586694)
# Java VM: OpenJDK 64-Bit Server VM (17.0.6+0-b2043.56-9586694, mixed mode, tiered, compressed oops, compressed class ptrs, g1 gc, windows-amd64)
# No core dump will be written. Minidumps are not enabled by default on client versions of Windows
#

---------------  S U M M A R Y ------------

Command Line: -Dorg.gradle.appname=gradlew org.gradle.wrapper.GradleWrapperMain -q -Ptarget-platform=android-arm64 -Ptarget=C:\Pastelaria\Pastelaria\Pastelaria_Do_lindo-master\lib\main.dart -Pbase-application-name=android.app.Application -Pdart-defines=RkxVVFRFUl9XRUJfQVVUT19ERVRFQ1Q9dHJ1ZQ==,RkxVVFRFUl9XRUJfQ0FOVkFTS0lUX1VSTD1odHRwczovL3d3dy5nc3RhdGljLmNvbS9mbHV0dGVyLWNhbnZhc2tpdC9jZGJlZGE3ODhhMjkzZmEyOTY2NWRjM2ZhM2Q2ZTYzYmQyMjFjYjBkLw== -Pdart-obfuscation=false -Ptrack-widget-creation=true -Ptree-shake-icons=false -Pfilesystem-scheme=org-dartlang-root assembleDebug

Host: Intel(R) Core(TM) i7-8700K CPU @ 3.70GHz, 12 cores, 15G,  Windows 11 , 64 bit Build 22621 (10.0.22621.2070)
Time: Sun Jul 30 10:30:42 2023 Hora oficial do Brasil elapsed time: 12.558432 seconds (0d 0h 0m 12s)

---------------  T H R E A D  ---------------

Current thread (0x000002bfa08a9ec0):  JavaThread "C1 CompilerThread0" daemon [_thread_in_native, id=18444, stack(0x000000e034200000,0x000000e034300000)]


Current CompileTask:
C1:  12558 1229       3       java.lang.reflect.AccessibleObject::checkCanSetAccessible (368 bytes)

Stack: [0x000000e034200000,0x000000e034300000]
Native frames: (J=compiled Java code, j=interpreted, Vv=VM code, C=native code)
V  [jvm.dll+0x683b4a]
V  [jvm.dll+0x842654]
V  [jvm.dll+0x843dfe]
V  [jvm.dll+0x844463]
V  [jvm.dll+0x249b75]
V  [jvm.dll+0xabecc]
V  [jvm.dll+0xac27c]
V  [jvm.dll+0xaa5f]
V  [jvm.dll+0x151d6b]
V  [jvm.dll+0x14f57c]
V  [jvm.dll+0x1520e7]
V  [jvm.dll+0x151f1e]
V  [jvm.dll+0x135d69]
V  [jvm.dll+0x1358ca]
V  [jvm.dll+0x135ab6]
V  [jvm.dll+0x134f4a]
V  [jvm.dll+0x136c11]
V  [jvm.dll+0x22b098]
V  [jvm.dll+0x229159]
V  [jvm.dll+0x7f809c]
V  [jvm.dll+0x7f25fa]
V  [jvm.dll+0x682985]
C  [ucrtbase.dll+0x29363]
C  [KERNEL32.DLL+0x126ad]
C  [ntdll.dll+0x5aa68]


---------------  P R O C E S S  ---------------

Threads class SMR info:
_java_thread_list=0x000002bfa0c56840, length=15, elements={
0x000002bfff96f2d0, 0x000002bfa0855b00, 0x000002bfa0858ce0, 0x000002bfa08b12b0,
0x000002bfa08b1c60, 0x000002bfa08b2610, 0x000002bfa08b2fc0, 0x000002bfa08a9510,
0x000002bfa08a9ec0, 0x000002bfa08c04b0, 0x000002bfa0a23fc0, 0x000002bfa0a31620,
0x000002bfa12c8540, 0x000002bfa2232250, 0x000002bfa2011520
}

Java Threads: ( => current thread )
  0x000002bfff96f2d0 JavaThread "main" [_thread_in_native, id=13936, stack(0x000000e033400000,0x000000e033500000)]
  0x000002bfa0855b00 JavaThread "Reference Handler" daemon [_thread_blocked, id=16864, stack(0x000000e033b00000,0x000000e033c00000)]
  0x000002bfa0858ce0 JavaThread "Finalizer" daemon [_thread_blocked, id=1564, stack(0x000000e033c00000,0x000000e033d00000)]
  0x000002bfa08b12b0 JavaThread "Signal Dispatcher" daemon [_thread_blocked, id=14676, stack(0x000000e033d00000,0x000000e033e00000)]
  0x000002bfa08b1c60 JavaThread "Attach Listener" daemon [_thread_blocked, id=6240, stack(0x000000e033e00000,0x000000e033f00000)]
  0x000002bfa08b2610 JavaThread "Service Thread" daemon [_thread_blocked, id=3332, stack(0x000000e033f00000,0x000000e034000000)]
  0x000002bfa08b2fc0 JavaThread "Monitor Deflation Thread" daemon [_thread_blocked, id=3340, stack(0x000000e034000000,0x000000e034100000)]
  0x000002bfa08a9510 JavaThread "C2 CompilerThread0" daemon [_thread_in_native, id=3220, stack(0x000000e034100000,0x000000e034200000)]
=>0x000002bfa08a9ec0 JavaThread "C1 CompilerThread0" daemon [_thread_in_native, id=18444, stack(0x000000e034200000,0x000000e034300000)]
  0x000002bfa08c04b0 JavaThread "Sweeper thread" daemon [_thread_blocked, id=10628, stack(0x000000e034300000,0x000000e034400000)]
  0x000002bfa0a23fc0 JavaThread "Notification Thread" daemon [_thread_blocked, id=17440, stack(0x000000e034400000,0x000000e034500000)]
  0x000002bfa0a31620 JavaThread "Common-Cleaner" daemon [_thread_blocked, id=15328, stack(0x000000e034600000,0x000000e034700000)]
  0x000002bfa12c8540 JavaThread "pool-1-thread-1" [_thread_in_native, id=8392, stack(0x000000e034d00000,0x000000e034e00000)]
  0x000002bfa2232250 JavaThread "DisconnectableInputStream source reader" daemon [_thread_in_native, id=8552, stack(0x000000e034e00000,0x000000e034f00000)]
  0x000002bfa2011520 JavaThread "Forward input" [_thread_blocked, id=18612, stack(0x000000e034f00000,0x000000e035000000)]

Other Threads:
  0x000002bf9fc59840 VMThread "VM Thread" [stack: 0x000000e033a00000,0x000000e033b00000] [id=7432]
  0x000002bfff9f8ff0 WatcherThread [stack: 0x000000e034500000,0x000000e034600000] [id=2776]
  0x000002bfff9d9940 GCTaskThread "GC Thread#0" [stack: 0x000000e033500000,0x000000e033600000] [id=13852]
  0x000002bfa11f3920 GCTaskThread "GC Thread#1" [stack: 0x000000e034800000,0x000000e034900000] [id=6004]
  0x000002bfa1c91f90 GCTaskThread "GC Thread#2" [stack: 0x000000e034900000,0x000000e034a00000] [id=9164]
  0x000002bfa1c92240 GCTaskThread "GC Thread#3" [stack: 0x000000e034a00000,0x000000e034b00000] [id=1688]
  0x000002bfa1c924f0 GCTaskThread "GC Thread#4" [stack: 0x000000e034b00000,0x000000e034c00000] [id=17168]
  0x000002bfa1c927a0 GCTaskThread "GC Thread#5" [stack: 0x000000e034c00000,0x000000e034d00000] [id=8788]
  0x000002bfff9ea8e0 ConcurrentGCThread "G1 Main Marker" [stack: 0x000000e033600000,0x000000e033700000] [id=15468]
  0x000002bfff9eba90 ConcurrentGCThread "G1 Conc#0" [stack: 0x000000e033700000,0x000000e033800000] [id=7180]
  0x000002bfffa2d880 ConcurrentGCThread "G1 Refine#0" [stack: 0x000000e033800000,0x000000e033900000] [id=13160]
  0x000002bfffa2e140 ConcurrentGCThread "G1 Service" [stack: 0x000000e033900000,0x000000e033a00000] [id=10812]

Threads with active compile tasks:
C2 CompilerThread0    12585 1237       4       org.gradle.internal.logging.text.AbstractLineChoppingStyledTextOutput$1::execute (140 bytes)
C1 CompilerThread0    12585 1229       3       java.lang.reflect.AccessibleObject::checkCanSetAccessible (368 bytes)

VM state: not at safepoint (normal execution)

VM Mutex/Monitor currently owned by a thread: None

Heap address: 0x0000000701000000, size: 4080 MB, Compressed Oops mode: Zero based, Oop shift amount: 3

CDS archive(s) not mapped
Compressed class space mapped at: 0x0000000800000000-0x0000000840000000, reserved size: 1073741824
Narrow klass base: 0x0000000800000000, Narrow klass shift: 0, Narrow klass range: 0x40000000

GC Precious Log:
 CPUs: 12 total, 12 available
 Memory: 16318M
 Large Page Support: Disabled
 NUMA Support: Disabled
 Compressed Oops: Enabled (Zero based)
 Heap Region Size: 2M
 Heap Min Capacity: 8M
 Heap Initial Capacity: 256M
 Heap Max Capacity: 4080M
 Pre-touch: Disabled
 Parallel Workers: 10
 Concurrent Workers: 3
 Concurrent Refinement Workers: 10
 Periodic GC: Disabled

Heap:
 garbage-first heap   total 262144K, used 24454K [0x0000000701000000, 0x0000000800000000)
  region size 2048K, 10 young (20480K), 2 survivors (4096K)
 Metaspace       used 16107K, committed 16256K, reserved 1064960K
  class space    used 1884K, committed 1984K, reserved 1048576K

Heap Regions: E=young(eden), S=young(survivor), O=old, HS=humongous(starts), HC=humongous(continues), CS=collection set, F=free, OA=open archive, CA=closed archive, TAMS=top-at-mark-start (previous, next)
|   0|0x0000000701000000, 0x0000000701000000, 0x0000000701200000|  0%| F|  |TAMS 0x0000000701000000, 0x0000000701000000| Untracked 
|   1|0x0000000701200000, 0x0000000701200000, 0x0000000701400000|  0%| F|  |TAMS 0x0000000701200000, 0x0000000701200000| Untracked 
|   2|0x0000000701400000, 0x0000000701600000, 0x0000000701600000|100%|HS|  |TAMS 0x0000000701400000, 0x0000000701400000| Complete 
|   3|0x0000000701600000, 0x0000000701800000, 0x0000000701800000|100%|HC|  |TAMS 0x0000000701600000, 0x0000000701600000| Complete 
|   4|0x0000000701800000, 0x00000007019e1800, 0x0000000701a00000| 94%| O|  |TAMS 0x0000000701800000, 0x0000000701800000| Untracked 
|   5|0x0000000701a00000, 0x0000000701a00000, 0x0000000701c00000|  0%| F|  |TAMS 0x0000000701a00000, 0x0000000701a00000| Untracked 
|   6|0x0000000701c00000, 0x0000000701c00000, 0x0000000701e00000|  0%| F|  |TAMS 0x0000000701c00000, 0x0000000701c00000| Untracked 
|   7|0x0000000701e00000, 0x0000000701e00000, 0x0000000702000000|  0%| F|  |TAMS 0x0000000701e00000, 0x0000000701e00000| Untracked 
|   8|0x0000000702000000, 0x0000000702000000, 0x0000000702200000|  0%| F|  |TAMS 0x0000000702000000, 0x0000000702000000| Untracked 
|   9|0x0000000702200000, 0x0000000702200000, 0x0000000702400000|  0%| F|  |TAMS 0x0000000702200000, 0x0000000702200000| Untracked 
|  10|0x0000000702400000, 0x0000000702400000, 0x0000000702600000|  0%| F|  |TAMS 0x0000000702400000, 0x0000000702400000| Untracked 
|  11|0x0000000702600000, 0x0000000702600000, 0x0000000702800000|  0%| F|  |TAMS 0x0000000702600000, 0x0000000702600000| Untracked 
|  12|0x0000000702800000, 0x0000000702800000, 0x0000000702a00000|  0%| F|  |TAMS 0x0000000702800000, 0x0000000702800000| Untracked 
|  13|0x0000000702a00000, 0x0000000702a00000, 0x0000000702c00000|  0%| F|  |TAMS 0x0000000702a00000, 0x0000000702a00000| Untracked 
|  14|0x0000000702c00000, 0x0000000702c00000, 0x0000000702e00000|  0%| F|  |TAMS 0x0000000702c00000, 0x0000000702c00000| Untracked 
|  15|0x0000000702e00000, 0x0000000702e00000, 0x0000000703000000|  0%| F|  |TAMS 0x0000000702e00000, 0x0000000702e00000| Untracked 
|  16|0x0000000703000000, 0x0000000703000000, 0x0000000703200000|  0%| F|  |TAMS 0x0000000703000000, 0x0000000703000000| Untracked 
|  17|0x0000000703200000, 0x0000000703200000, 0x0000000703400000|  0%| F|  |TAMS 0x0000000703200000, 0x0000000703200000| Untracked 
|  18|0x0000000703400000, 0x0000000703400000, 0x0000000703600000|  0%| F|  |TAMS 0x0000000703400000, 0x0000000703400000| Untracked 
|  19|0x0000000703600000, 0x0000000703600000, 0x0000000703800000|  0%| F|  |TAMS 0x0000000703600000, 0x0000000703600000| Untracked 
|  20|0x0000000703800000, 0x0000000703800000, 0x0000000703a00000|  0%| F|  |TAMS 0x0000000703800000, 0x0000000703800000| Untracked 
|  21|0x0000000703a00000, 0x0000000703a00000, 0x0000000703c00000|  0%| F|  |TAMS 0x0000000703a00000, 0x0000000703a00000| Untracked 
|  22|0x0000000703c00000, 0x0000000703c00000, 0x0000000703e00000|  0%| F|  |TAMS 0x0000000703c00000, 0x0000000703c00000| Untracked 
|  23|0x0000000703e00000, 0x0000000703e00000, 0x0000000704000000|  0%| F|  |TAMS 0x0000000703e00000, 0x0000000703e00000| Untracked 
|  24|0x0000000704000000, 0x0000000704000000, 0x0000000704200000|  0%| F|  |TAMS 0x0000000704000000, 0x0000000704000000| Untracked 
|  25|0x0000000704200000, 0x0000000704200000, 0x0000000704400000|  0%| F|  |TAMS 0x0000000704200000, 0x0000000704200000| Untracked 
|  26|0x0000000704400000, 0x0000000704400000, 0x0000000704600000|  0%| F|  |TAMS 0x0000000704400000, 0x0000000704400000| Untracked 
|  27|0x0000000704600000, 0x0000000704600000, 0x0000000704800000|  0%| F|  |TAMS 0x0000000704600000, 0x0000000704600000| Untracked 
|  28|0x0000000704800000, 0x0000000704800000, 0x0000000704a00000|  0%| F|  |TAMS 0x0000000704800000, 0x0000000704800000| Untracked 
|  29|0x0000000704a00000, 0x0000000704a00000, 0x0000000704c00000|  0%| F|  |TAMS 0x0000000704a00000, 0x0000000704a00000| Untracked 
|  30|0x0000000704c00000, 0x0000000704c00000, 0x0000000704e00000|  0%| F|  |TAMS 0x0000000704c00000, 0x0000000704c00000| Untracked 
|  31|0x0000000704e00000, 0x0000000704e00000, 0x0000000705000000|  0%| F|  |TAMS 0x0000000704e00000, 0x0000000704e00000| Untracked 
|  32|0x0000000705000000, 0x0000000705000000, 0x0000000705200000|  0%| F|  |TAMS 0x0000000705000000, 0x0000000705000000| Untracked 
|  33|0x0000000705200000, 0x0000000705200000, 0x0000000705400000|  0%| F|  |TAMS 0x0000000705200000, 0x0000000705200000| Untracked 
|  34|0x0000000705400000, 0x0000000705400000, 0x0000000705600000|  0%| F|  |TAMS 0x0000000705400000, 0x0000000705400000| Untracked 
|  35|0x0000000705600000, 0x0000000705600000, 0x0000000705800000|  0%| F|  |TAMS 0x0000000705600000, 0x0000000705600000| Untracked 
|  36|0x0000000705800000, 0x0000000705800000, 0x0000000705a00000|  0%| F|  |TAMS 0x0000000705800000, 0x0000000705800000| Untracked 
|  37|0x0000000705a00000, 0x0000000705a00000, 0x0000000705c00000|  0%| F|  |TAMS 0x0000000705a00000, 0x0000000705a00000| Untracked 
|  38|0x0000000705c00000, 0x0000000705c00000, 0x0000000705e00000|  0%| F|  |TAMS 0x0000000705c00000, 0x0000000705c00000| Untracked 
|  39|0x0000000705e00000, 0x0000000705e00000, 0x0000000706000000|  0%| F|  |TAMS 0x0000000705e00000, 0x0000000705e00000| Untracked 
|  40|0x0000000706000000, 0x0000000706000000, 0x0000000706200000|  0%| F|  |TAMS 0x0000000706000000, 0x0000000706000000| Untracked 
|  41|0x0000000706200000, 0x0000000706200000, 0x0000000706400000|  0%| F|  |TAMS 0x0000000706200000, 0x0000000706200000| Untracked 
|  42|0x0000000706400000, 0x0000000706400000, 0x0000000706600000|  0%| F|  |TAMS 0x0000000706400000, 0x0000000706400000| Untracked 
|  43|0x0000000706600000, 0x0000000706600000, 0x0000000706800000|  0%| F|  |TAMS 0x0000000706600000, 0x0000000706600000| Untracked 
|  44|0x0000000706800000, 0x0000000706800000, 0x0000000706a00000|  0%| F|  |TAMS 0x0000000706800000, 0x0000000706800000| Untracked 
|  45|0x0000000706a00000, 0x0000000706a00000, 0x0000000706c00000|  0%| F|  |TAMS 0x0000000706a00000, 0x0000000706a00000| Untracked 
|  46|0x0000000706c00000, 0x0000000706c00000, 0x0000000706e00000|  0%| F|  |TAMS 0x0000000706c00000, 0x0000000706c00000| Untracked 
|  47|0x0000000706e00000, 0x0000000706e00000, 0x0000000707000000|  0%| F|  |TAMS 0x0000000706e00000, 0x0000000706e00000| Untracked 
|  48|0x0000000707000000, 0x0000000707000000, 0x0000000707200000|  0%| F|  |TAMS 0x0000000707000000, 0x0000000707000000| Untracked 
|  49|0x0000000707200000, 0x0000000707200000, 0x0000000707400000|  0%| F|  |TAMS 0x0000000707200000, 0x0000000707200000| Untracked 
|  50|0x0000000707400000, 0x0000000707400000, 0x0000000707600000|  0%| F|  |TAMS 0x0000000707400000, 0x0000000707400000| Untracked 
|  51|0x0000000707600000, 0x0000000707600000, 0x0000000707800000|  0%| F|  |TAMS 0x0000000707600000, 0x0000000707600000| Untracked 
|  52|0x0000000707800000, 0x0000000707800000, 0x0000000707a00000|  0%| F|  |TAMS 0x0000000707800000, 0x0000000707800000| Untracked 
|  53|0x0000000707a00000, 0x0000000707a00000, 0x0000000707c00000|  0%| F|  |TAMS 0x0000000707a00000, 0x0000000707a00000| Untracked 
|  54|0x0000000707c00000, 0x0000000707c00000, 0x0000000707e00000|  0%| F|  |TAMS 0x0000000707c00000, 0x0000000707c00000| Untracked 
|  55|0x0000000707e00000, 0x0000000707e00000, 0x0000000708000000|  0%| F|  |TAMS 0x0000000707e00000, 0x0000000707e00000| Untracked 
|  56|0x0000000708000000, 0x0000000708000000, 0x0000000708200000|  0%| F|  |TAMS 0x0000000708000000, 0x0000000708000000| Untracked 
|  57|0x0000000708200000, 0x0000000708200000, 0x0000000708400000|  0%| F|  |TAMS 0x0000000708200000, 0x0000000708200000| Untracked 
|  58|0x0000000708400000, 0x0000000708400000, 0x0000000708600000|  0%| F|  |TAMS 0x0000000708400000, 0x0000000708400000| Untracked 
|  59|0x0000000708600000, 0x0000000708600000, 0x0000000708800000|  0%| F|  |TAMS 0x0000000708600000, 0x0000000708600000| Untracked 
|  60|0x0000000708800000, 0x0000000708800000, 0x0000000708a00000|  0%| F|  |TAMS 0x0000000708800000, 0x0000000708800000| Untracked 
|  61|0x0000000708a00000, 0x0000000708a00000, 0x0000000708c00000|  0%| F|  |TAMS 0x0000000708a00000, 0x0000000708a00000| Untracked 
|  62|0x0000000708c00000, 0x0000000708c00000, 0x0000000708e00000|  0%| F|  |TAMS 0x0000000708c00000, 0x0000000708c00000| Untracked 
|  63|0x0000000708e00000, 0x0000000708e00000, 0x0000000709000000|  0%| F|  |TAMS 0x0000000708e00000, 0x0000000708e00000| Untracked 
|  64|0x0000000709000000, 0x0000000709000000, 0x0000000709200000|  0%| F|  |TAMS 0x0000000709000000, 0x0000000709000000| Untracked 
|  65|0x0000000709200000, 0x0000000709200000, 0x0000000709400000|  0%| F|  |TAMS 0x0000000709200000, 0x0000000709200000| Untracked 
|  66|0x0000000709400000, 0x0000000709400000, 0x0000000709600000|  0%| F|  |TAMS 0x0000000709400000, 0x0000000709400000| Untracked 
|  67|0x0000000709600000, 0x0000000709600000, 0x0000000709800000|  0%| F|  |TAMS 0x0000000709600000, 0x0000000709600000| Untracked 
|  68|0x0000000709800000, 0x0000000709800000, 0x0000000709a00000|  0%| F|  |TAMS 0x0000000709800000, 0x0000000709800000| Untracked 
|  69|0x0000000709a00000, 0x0000000709a00000, 0x0000000709c00000|  0%| F|  |TAMS 0x0000000709a00000, 0x0000000709a00000| Untracked 
|  70|0x0000000709c00000, 0x0000000709c00000, 0x0000000709e00000|  0%| F|  |TAMS 0x0000000709c00000, 0x0000000709c00000| Untracked 
|  71|0x0000000709e00000, 0x0000000709e00000, 0x000000070a000000|  0%| F|  |TAMS 0x0000000709e00000, 0x0000000709e00000| Untracked 
|  72|0x000000070a000000, 0x000000070a000000, 0x000000070a200000|  0%| F|  |TAMS 0x000000070a000000, 0x000000070a000000| Untracked 
|  73|0x000000070a200000, 0x000000070a200000, 0x000000070a400000|  0%| F|  |TAMS 0x000000070a200000, 0x000000070a200000| Untracked 
|  74|0x000000070a400000, 0x000000070a400000, 0x000000070a600000|  0%| F|  |TAMS 0x000000070a400000, 0x000000070a400000| Untracked 
|  75|0x000000070a600000, 0x000000070a600000, 0x000000070a800000|  0%| F|  |TAMS 0x000000070a600000, 0x000000070a600000| Untracked 
|  76|0x000000070a800000, 0x000000070a800000, 0x000000070aa00000|  0%| F|  |TAMS 0x000000070a800000, 0x000000070a800000| Untracked 
|  77|0x000000070aa00000, 0x000000070aa00000, 0x000000070ac00000|  0%| F|  |TAMS 0x000000070aa00000, 0x000000070aa00000| Untracked 
|  78|0x000000070ac00000, 0x000000070ac00000, 0x000000070ae00000|  0%| F|  |TAMS 0x000000070ac00000, 0x000000070ac00000| Untracked 
|  79|0x000000070ae00000, 0x000000070ae00000, 0x000000070b000000|  0%| F|  |TAMS 0x000000070ae00000, 0x000000070ae00000| Untracked 
|  80|0x000000070b000000, 0x000000070b000000, 0x000000070b200000|  0%| F|  |TAMS 0x000000070b000000, 0x000000070b000000| Untracked 
|  81|0x000000070b200000, 0x000000070b200000, 0x000000070b400000|  0%| F|  |TAMS 0x000000070b200000, 0x000000070b200000| Untracked 
|  82|0x000000070b400000, 0x000000070b400000, 0x000000070b600000|  0%| F|  |TAMS 0x000000070b400000, 0x000000070b400000| Untracked 
|  83|0x000000070b600000, 0x000000070b600000, 0x000000070b800000|  0%| F|  |TAMS 0x000000070b600000, 0x000000070b600000| Untracked 
|  84|0x000000070b800000, 0x000000070b800000, 0x000000070ba00000|  0%| F|  |TAMS 0x000000070b800000, 0x000000070b800000| Untracked 
|  85|0x000000070ba00000, 0x000000070ba00000, 0x000000070bc00000|  0%| F|  |TAMS 0x000000070ba00000, 0x000000070ba00000| Untracked 
|  86|0x000000070bc00000, 0x000000070bc00000, 0x000000070be00000|  0%| F|  |TAMS 0x000000070bc00000, 0x000000070bc00000| Untracked 
|  87|0x000000070be00000, 0x000000070be00000, 0x000000070c000000|  0%| F|  |TAMS 0x000000070be00000, 0x000000070be00000| Untracked 
|  88|0x000000070c000000, 0x000000070c000000, 0x000000070c200000|  0%| F|  |TAMS 0x000000070c000000, 0x000000070c000000| Untracked 
|  89|0x000000070c200000, 0x000000070c200000, 0x000000070c400000|  0%| F|  |TAMS 0x000000070c200000, 0x000000070c200000| Untracked 
|  90|0x000000070c400000, 0x000000070c400000, 0x000000070c600000|  0%| F|  |TAMS 0x000000070c400000, 0x000000070c400000| Untracked 
|  91|0x000000070c600000, 0x000000070c600000, 0x000000070c800000|  0%| F|  |TAMS 0x000000070c600000, 0x000000070c600000| Untracked 
|  92|0x000000070c800000, 0x000000070c800000, 0x000000070ca00000|  0%| F|  |TAMS 0x000000070c800000, 0x000000070c800000| Untracked 
|  93|0x000000070ca00000, 0x000000070ca00000, 0x000000070cc00000|  0%| F|  |TAMS 0x000000070ca00000, 0x000000070ca00000| Untracked 
|  94|0x000000070cc00000, 0x000000070cc00000, 0x000000070ce00000|  0%| F|  |TAMS 0x000000070cc00000, 0x000000070cc00000| Untracked 
|  95|0x000000070ce00000, 0x000000070ce00000, 0x000000070d000000|  0%| F|  |TAMS 0x000000070ce00000, 0x000000070ce00000| Untracked 
|  96|0x000000070d000000, 0x000000070d000000, 0x000000070d200000|  0%| F|  |TAMS 0x000000070d000000, 0x000000070d000000| Untracked 
|  97|0x000000070d200000, 0x000000070d200000, 0x000000070d400000|  0%| F|  |TAMS 0x000000070d200000, 0x000000070d200000| Untracked 
|  98|0x000000070d400000, 0x000000070d400000, 0x000000070d600000|  0%| F|  |TAMS 0x000000070d400000, 0x000000070d400000| Untracked 
|  99|0x000000070d600000, 0x000000070d600000, 0x000000070d800000|  0%| F|  |TAMS 0x000000070d600000, 0x000000070d600000| Untracked 
| 100|0x000000070d800000, 0x000000070d800000, 0x000000070da00000|  0%| F|  |TAMS 0x000000070d800000, 0x000000070d800000| Untracked 
| 101|0x000000070da00000, 0x000000070da00000, 0x000000070dc00000|  0%| F|  |TAMS 0x000000070da00000, 0x000000070da00000| Untracked 
| 102|0x000000070dc00000, 0x000000070dc00000, 0x000000070de00000|  0%| F|  |TAMS 0x000000070dc00000, 0x000000070dc00000| Untracked 
| 103|0x000000070de00000, 0x000000070de00000, 0x000000070e000000|  0%| F|  |TAMS 0x000000070de00000, 0x000000070de00000| Untracked 
| 104|0x000000070e000000, 0x000000070e000000, 0x000000070e200000|  0%| F|  |TAMS 0x000000070e000000, 0x000000070e000000| Untracked 
| 105|0x000000070e200000, 0x000000070e200000, 0x000000070e400000|  0%| F|  |TAMS 0x000000070e200000, 0x000000070e200000| Untracked 
| 106|0x000000070e400000, 0x000000070e400000, 0x000000070e600000|  0%| F|  |TAMS 0x000000070e400000, 0x000000070e400000| Untracked 
| 107|0x000000070e600000, 0x000000070e600000, 0x000000070e800000|  0%| F|  |TAMS 0x000000070e600000, 0x000000070e600000| Untracked 
| 108|0x000000070e800000, 0x000000070e800000, 0x000000070ea00000|  0%| F|  |TAMS 0x000000070e800000, 0x000000070e800000| Untracked 
| 109|0x000000070ea00000, 0x000000070ea00000, 0x000000070ec00000|  0%| F|  |TAMS 0x000000070ea00000, 0x000000070ea00000| Untracked 
| 110|0x000000070ec00000, 0x000000070ec00000, 0x000000070ee00000|  0%| F|  |TAMS 0x000000070ec00000, 0x000000070ec00000| Untracked 
| 111|0x000000070ee00000, 0x000000070ee00000, 0x000000070f000000|  0%| F|  |TAMS 0x000000070ee00000, 0x000000070ee00000| Untracked 
| 112|0x000000070f000000, 0x000000070f000000, 0x000000070f200000|  0%| F|  |TAMS 0x000000070f000000, 0x000000070f000000| Untracked 
| 113|0x000000070f200000, 0x000000070f200000, 0x000000070f400000|  0%| F|  |TAMS 0x000000070f200000, 0x000000070f200000| Untracked 
| 114|0x000000070f400000, 0x000000070f400000, 0x000000070f600000|  0%| F|  |TAMS 0x000000070f400000, 0x000000070f400000| Untracked 
| 115|0x000000070f600000, 0x000000070f800000, 0x000000070f800000|100%| S|CS|TAMS 0x000000070f600000, 0x000000070f600000| Complete 
| 116|0x000000070f800000, 0x000000070fa00000, 0x000000070fa00000|100%| S|CS|TAMS 0x000000070f800000, 0x000000070f800000| Complete 
| 117|0x000000070fa00000, 0x000000070fa00000, 0x000000070fc00000|  0%| F|  |TAMS 0x000000070fa00000, 0x000000070fa00000| Untracked 
| 118|0x000000070fc00000, 0x000000070fc00000, 0x000000070fe00000|  0%| F|  |TAMS 0x000000070fc00000, 0x000000070fc00000| Untracked 
| 119|0x000000070fe00000, 0x000000070fe00000, 0x0000000710000000|  0%| F|  |TAMS 0x000000070fe00000, 0x000000070fe00000| Untracked 
| 120|0x0000000710000000, 0x00000007100b9ff8, 0x0000000710200000| 36%| E|  |TAMS 0x0000000710000000, 0x0000000710000000| Complete 
| 121|0x0000000710200000, 0x0000000710400000, 0x0000000710400000|100%| E|CS|TAMS 0x0000000710200000, 0x0000000710200000| Complete 
| 122|0x0000000710400000, 0x0000000710600000, 0x0000000710600000|100%| E|CS|TAMS 0x0000000710400000, 0x0000000710400000| Complete 
| 123|0x0000000710600000, 0x0000000710800000, 0x0000000710800000|100%| E|CS|TAMS 0x0000000710600000, 0x0000000710600000| Complete 
| 124|0x0000000710800000, 0x0000000710a00000, 0x0000000710a00000|100%| E|CS|TAMS 0x0000000710800000, 0x0000000710800000| Complete 
| 125|0x0000000710a00000, 0x0000000710c00000, 0x0000000710c00000|100%| E|CS|TAMS 0x0000000710a00000, 0x0000000710a00000| Complete 
| 126|0x0000000710c00000, 0x0000000710e00000, 0x0000000710e00000|100%| E|CS|TAMS 0x0000000710c00000, 0x0000000710c00000| Complete 
| 127|0x0000000710e00000, 0x0000000711000000, 0x0000000711000000|100%| E|CS|TAMS 0x0000000710e00000, 0x0000000710e00000| Complete 

Card table byte_map: [0x000002bf94010000,0x000002bf94810000] _byte_map_base: 0x000002bf90808000

Marking Bits (Prev, Next): (CMBitMap*) 0x000002bfff9d9f50, (CMBitMap*) 0x000002bfff9d9f90
 Prev Bits: [0x000002bf95010000, 0x000002bf98fd0000)
 Next Bits: [0x000002bf98fd0000, 0x000002bf9cf90000)

Polling page: 0x000002bfff130000

Metaspace:

Usage:
  Non-class:     13.89 MB used.
      Class:      1.84 MB used.
       Both:     15.73 MB used.

Virtual space:
  Non-class space:       16.00 MB reserved,      13.94 MB ( 87%) committed,  2 nodes.
      Class space:        1.00 GB reserved,       1.94 MB ( <1%) committed,  1 nodes.
             Both:        1.02 GB reserved,      15.88 MB (  2%) committed. 

Chunk freelists:
   Non-Class:  2.06 MB
       Class:  2.05 MB
        Both:  4.11 MB

MaxMetaspaceSize: unlimited
CompressedClassSpaceSize: 1.00 GB
Initial GC threshold: 21.00 MB
Current GC threshold: 21.00 MB
CDS: off
MetaspaceReclaimPolicy: balanced
 - commit_granule_bytes: 65536.
 - commit_granule_words: 8192.
 - virtual_space_node_default_size: 1048576.
 - enlarge_chunks_in_place: 1.
 - new_chunks_are_fully_committed: 0.
 - uncommit_free_chunks: 1.
 - use_allocation_guard: 0.
 - handle_deallocations: 1.


Internal statistics:

num_allocs_failed_limit: 0.
num_arena_births: 78.
num_arena_deaths: 0.
num_vsnodes_births: 3.
num_vsnodes_deaths: 0.
num_space_committed: 254.
num_space_uncommitted: 0.
num_chunks_returned_to_freelist: 0.
num_chunks_taken_from_freelist: 297.
num_chunk_merges: 0.
num_chunk_splits: 194.
num_chunks_enlarged: 163.
num_purges: 0.
num_inconsistent_stats: 0.

CodeHeap 'non-profiled nmethods': size=120000Kb used=508Kb max_used=508Kb free=119491Kb
 bounds [0x000002bf8c2e0000, 0x000002bf8c550000, 0x000002bf93810000]
CodeHeap 'profiled nmethods': size=120000Kb used=2280Kb max_used=2280Kb free=117719Kb
 bounds [0x000002bf84810000, 0x000002bf84a80000, 0x000002bf8bd40000]
CodeHeap 'non-nmethods': size=5760Kb used=1163Kb max_used=1185Kb free=4596Kb
 bounds [0x000002bf8bd40000, 0x000002bf8bfb0000, 0x000002bf8c2e0000]
 total_blobs=1690 nmethods=1231 adapters=372
 compilation: enabled
              stopped_count=0, restarted_count=0
 full_count=0

Compilation events (20 events):
Event: 11.669 Thread 0x000002bfa08a9ec0 1220       3       java.nio.Buffer::<init> (105 bytes)
Event: 11.670 Thread 0x000002bfa08a9ec0 nmethod 1220 0x000002bf84a44290 code [0x000002bf84a44540, 0x000002bf84a450b8]
Event: 11.670 Thread 0x000002bfa08a9510 nmethod 1217 0x000002bf8c35c790 code [0x000002bf8c35c920, 0x000002bf8c35ca88]
Event: 12.065 Thread 0x000002bfa08a9ec0 1221       3       org.gradle.internal.logging.events.OutputEvent::<init> (5 bytes)
Event: 12.065 Thread 0x000002bfa08a9ec0 nmethod 1221 0x000002bf84a45510 code [0x000002bf84a456a0, 0x000002bf84a457f8]
Event: 12.553 Thread 0x000002bfa08a9ec0 1222   !   3       org.gradle.internal.logging.console.ThrottlingOutputEventListener::onOutput (92 bytes)
Event: 12.553 Thread 0x000002bfa08a9ec0 nmethod 1222 0x000002bf84a45890 code [0x000002bf84a45ac0, 0x000002bf84a46478]
Event: 12.553 Thread 0x000002bfa08a9ec0 1223       3       org.gradle.internal.serialize.kryo.KryoBackedDecoder::readString (5 bytes)
Event: 12.554 Thread 0x000002bfa08a9ec0 nmethod 1223 0x000002bf84a46790 code [0x000002bf84a469a0, 0x000002bf84a47008]
Event: 12.554 Thread 0x000002bfa08a9ec0 1224   !   3       org.gradle.internal.serialize.kryo.KryoBackedDecoder::readNullableString (15 bytes)
Event: 12.554 Thread 0x000002bfa08a9ec0 nmethod 1224 0x000002bf84a47290 code [0x000002bf84a474a0, 0x000002bf84a47a88]
Event: 12.554 Thread 0x000002bfa08a9ec0 1225       3       com.esotericsoftware.kryo.io.Input::readString (127 bytes)
Event: 12.554 Thread 0x000002bfa08a9ec0 nmethod 1225 0x000002bf84a47d10 code [0x000002bf84a47f20, 0x000002bf84a48518]
Event: 12.554 Thread 0x000002bfa08a9ec0 1226       1       org.gradle.internal.logging.events.RenderableOutputEvent::getBuildOperationId (5 bytes)
Event: 12.554 Thread 0x000002bfa08a9ec0 nmethod 1226 0x000002bf8c35cc10 code [0x000002bf8c35cda0, 0x000002bf8c35ce78]
Event: 12.554 Thread 0x000002bfa08a9ec0 1227       3       org.gradle.internal.serialize.DefaultSerializerRegistry$TaggedTypeSerializer::read (69 bytes)
Event: 12.555 Thread 0x000002bfa08a9ec0 nmethod 1227 0x000002bf84a48710 code [0x000002bf84a489c0, 0x000002bf84a49808]
Event: 12.555 Thread 0x000002bfa08a9ec0 1228       3       java.lang.reflect.AccessibleObject::checkCanSetAccessible (9 bytes)
Event: 12.555 Thread 0x000002bfa08a9ec0 nmethod 1228 0x000002bf84a49d10 code [0x000002bf84a49ea0, 0x000002bf84a49fe8]
Event: 12.555 Thread 0x000002bfa08a9ec0 1229       3       java.lang.reflect.AccessibleObject::checkCanSetAccessible (368 bytes)

GC Heap History (2 events):
Event: 0.612 GC heap before
{Heap before GC invocations=0 (full 0):
 garbage-first heap   total 262144K, used 28672K [0x0000000701000000, 0x0000000800000000)
  region size 2048K, 11 young (22528K), 0 survivors (0K)
 Metaspace       used 10890K, committed 11072K, reserved 1064960K
  class space    used 1124K, committed 1216K, reserved 1048576K
}
Event: 0.615 GC heap after
{Heap after GC invocations=1 (full 0):
 garbage-first heap   total 262144K, used 10118K [0x0000000701000000, 0x0000000800000000)
  region size 2048K, 2 young (4096K), 2 survivors (4096K)
 Metaspace       used 10890K, committed 11072K, reserved 1064960K
  class space    used 1124K, committed 1216K, reserved 1048576K
}

Dll operation events (2 events):
Event: 0.006 Loaded shared library C:\Program Files\Android\Android Studio\jbr\bin\java.dll
Event: 0.093 Loaded shared library C:\Program Files\Android\Android Studio\jbr\bin\verify.dll

Deoptimization events (20 events):
Event: 1.069 Thread 0x000002bfff96f2d0 Uncommon trap: trap_request=0xffffff45 fr.pc=0x000002bf8c313c64 relative=0x00000000000006a4
Event: 1.069 Thread 0x000002bfff96f2d0 Uncommon trap: reason=unstable_if action=reinterpret pc=0x000002bf8c313c64 method=java.lang.AbstractStringBuilder.append(Ljava/lang/String;)Ljava/lang/AbstractStringBuilder; @ 1 c2
Event: 1.069 Thread 0x000002bfff96f2d0 DEOPT PACKING pc=0x000002bf8c313c64 sp=0x000000e0334fc980
Event: 1.069 Thread 0x000002bfff96f2d0 DEOPT UNPACKING pc=0x000002bf8bd969a3 sp=0x000000e0334fc900 mode 2
Event: 1.069 Thread 0x000002bfff96f2d0 Uncommon trap: trap_request=0xffffff45 fr.pc=0x000002bf8c31fde4 relative=0x00000000000006a4
Event: 1.069 Thread 0x000002bfff96f2d0 Uncommon trap: reason=unstable_if action=reinterpret pc=0x000002bf8c31fde4 method=java.lang.AbstractStringBuilder.append(Ljava/lang/String;)Ljava/lang/AbstractStringBuilder; @ 1 c2
Event: 1.069 Thread 0x000002bfff96f2d0 DEOPT PACKING pc=0x000002bf8c31fde4 sp=0x000000e0334fc920
Event: 1.069 Thread 0x000002bfff96f2d0 DEOPT UNPACKING pc=0x000002bf8bd969a3 sp=0x000000e0334fc908 mode 2
Event: 1.080 Thread 0x000002bfff96f2d0 Uncommon trap: trap_request=0xffffff45 fr.pc=0x000002bf8c34f074 relative=0x0000000000000074
Event: 1.080 Thread 0x000002bfff96f2d0 Uncommon trap: reason=unstable_if action=reinterpret pc=0x000002bf8c34f074 method=jdk.internal.misc.Unsafe.convEndian(ZI)I @ 4 c2
Event: 1.080 Thread 0x000002bfff96f2d0 DEOPT PACKING pc=0x000002bf8c34f074 sp=0x000000e0334fae10
Event: 1.080 Thread 0x000002bfff96f2d0 DEOPT UNPACKING pc=0x000002bf8bd969a3 sp=0x000000e0334fad40 mode 2
Event: 1.080 Thread 0x000002bfff96f2d0 Uncommon trap: trap_request=0xffffff45 fr.pc=0x000002bf8c34f938 relative=0x0000000000000038
Event: 1.080 Thread 0x000002bfff96f2d0 Uncommon trap: reason=unstable_if action=reinterpret pc=0x000002bf8c34f938 method=jdk.internal.misc.Unsafe.convEndian(ZI)I @ 4 c2
Event: 1.080 Thread 0x000002bfff96f2d0 DEOPT PACKING pc=0x000002bf8c34f938 sp=0x000000e0334fada0
Event: 1.080 Thread 0x000002bfff96f2d0 DEOPT UNPACKING pc=0x000002bf8bd969a3 sp=0x000000e0334fad38 mode 2
Event: 1.101 Thread 0x000002bfff96f2d0 Uncommon trap: trap_request=0xffffff45 fr.pc=0x000002bf8c34e9d0 relative=0x0000000000000190
Event: 1.101 Thread 0x000002bfff96f2d0 Uncommon trap: reason=unstable_if action=reinterpret pc=0x000002bf8c34e9d0 method=java.lang.invoke.VarForm.getMemberName(I)Ljava/lang/invoke/MemberName; @ 8 c2
Event: 1.101 Thread 0x000002bfff96f2d0 DEOPT PACKING pc=0x000002bf8c34e9d0 sp=0x000000e0334fca20
Event: 1.101 Thread 0x000002bfff96f2d0 DEOPT UNPACKING pc=0x000002bf8bd969a3 sp=0x000000e0334fc940 mode 2

Classes unloaded (0 events):
No events

Classes redefined (0 events):
No events

Internal exceptions (19 events):
Event: 0.187 Thread 0x000002bfff96f2d0 Exception <a 'java/lang/NoSuchMethodError'{0x0000000710d80060}: 'int java.lang.invoke.DirectMethodHandle$Holder.invokeStaticInit(java.lang.Object, java.lang.Object)'> (0x0000000710d80060) 
thrown [s\src\hotspot\share\interpreter\linkResolver.cpp, line 771]
Event: 0.577 Thread 0x000002bfff96f2d0 Exception <a 'java/lang/NoSuchMethodError'{0x000000070fb01318}: 'void java.lang.invoke.DirectMethodHandle$Holder.invokeStatic(java.lang.Object, java.lang.Object)'> (0x000000070fb01318) 
thrown [s\src\hotspot\share\interpreter\linkResolver.cpp, line 771]
Event: 0.598 Thread 0x000002bfff96f2d0 Exception <a 'java/lang/NoClassDefFoundError'{0x000000070fb877a0}: org/slf4j/impl/StaticMarkerBinder> (0x000000070fb877a0) 
thrown [s\src\hotspot\share\classfile\systemDictionary.cpp, line 245]
Event: 0.618 Thread 0x000002bfff96f2d0 Exception <a 'java/lang/NoSuchMethodError'{0x0000000710e23ef0}: 'java.lang.Object java.lang.invoke.DirectMethodHandle$Holder.invokeVirtual(java.lang.Object, java.lang.Object, java.lang.Object, java.lang.Object, java.lang.Object, java.lang.Object, java.lang.Object)'> (0x0000000710e23ef0) 
thrown [s\src\hotspot\share\interpreter\linkResolver.cpp, line 771]
Event: 0.622 Thread 0x000002bfff96f2d0 Exception <a 'java/lang/NoSuchMethodError'{0x0000000710e35a50}: 'java.lang.Object java.lang.invoke.Invokers$Holder.invoker(java.lang.Object, java.lang.Object, java.lang.Object)'> (0x0000000710e35a50) 
thrown [s\src\hotspot\share\interpreter\linkResolver.cpp, line 771]
Event: 0.625 Thread 0x000002bfff96f2d0 Exception <a 'java/lang/NoSuchMethodError'{0x0000000710e3ec00}: 'java.lang.Object java.lang.invoke.DirectMethodHandle$Holder.invokeStatic(java.lang.Object, java.lang.Object, int)'> (0x0000000710e3ec00) 
thrown [s\src\hotspot\share\interpreter\linkResolver.cpp, line 771]
Event: 0.627 Thread 0x000002bfff96f2d0 Exception <a 'java/lang/NoSuchMethodError'{0x0000000710e4a8f0}: 'void java.lang.invoke.DelegatingMethodHandle$Holder.delegate(java.lang.Object, java.lang.Object, int, java.lang.Object)'> (0x0000000710e4a8f0) 
thrown [s\src\hotspot\share\interpreter\linkResolver.cpp, line 771]
Event: 0.628 Thread 0x000002bfff96f2d0 Exception <a 'java/lang/NoSuchMethodError'{0x0000000710e4eab8}: 'int java.lang.invoke.DirectMethodHandle$Holder.invokeSpecial(java.lang.Object, java.lang.Object, java.lang.Object)'> (0x0000000710e4eab8) 
thrown [s\src\hotspot\share\interpreter\linkResolver.cpp, line 771]
Event: 0.631 Thread 0x000002bfff96f2d0 Exception <a 'java/lang/NoSuchMethodError'{0x0000000710e61c70}: 'java.lang.Object java.lang.invoke.Invokers$Holder.invokeExact_MT(java.lang.Object, java.lang.Object, java.lang.Object, java.lang.Object)'> (0x0000000710e61c70) 
thrown [s\src\hotspot\share\interpreter\linkResolver.cpp, line 771]
Event: 0.716 Thread 0x000002bfff96f2d0 Exception <a 'java/lang/NoSuchMethodError'{0x0000000710ab0ba0}: 'java.lang.Object java.lang.invoke.DirectMethodHandle$Holder.invokeInterface(java.lang.Object, java.lang.Object, java.lang.Object)'> (0x0000000710ab0ba0) 
thrown [s\src\hotspot\share\interpreter\linkResolver.cpp, line 771]
Event: 0.719 Thread 0x000002bfff96f2d0 Exception <a 'java/lang/NoSuchMethodError'{0x0000000710ad2510}: 'void java.lang.invoke.DirectMethodHandle$Holder.invokeSpecial(java.lang.Object, java.lang.Object, java.lang.Object)'> (0x0000000710ad2510) 
thrown [s\src\hotspot\share\interpreter\linkResolver.cpp, line 771]
Event: 0.728 Thread 0x000002bfff96f2d0 Implicit null exception at 0x000002bf8c32c690 to 0x000002bf8c32cc40
Event: 0.728 Thread 0x000002bfff96f2d0 Implicit null exception at 0x000002bf8c31ac10 to 0x000002bf8c31b1cc
Event: 0.743 Thread 0x000002bfff96f2d0 Exception <a 'java/lang/NoSuchMethodError'{0x0000000710870128}: 'java.lang.Object java.lang.invoke.DirectMethodHandle$Holder.invokeStaticInit(java.lang.Object)'> (0x0000000710870128) 
thrown [s\src\hotspot\share\interpreter\linkResolver.cpp, line 771]
Event: 0.820 Thread 0x000002bfff96f2d0 Exception <a 'java/lang/NoSuchMethodError'{0x0000000710466368}: 'java.lang.Object java.lang.invoke.DirectMethodHandle$Holder.invokeStaticInit(java.lang.Object, int, int, int, int)'> (0x0000000710466368) 
thrown [s\src\hotspot\share\interpreter\linkResolver.cpp, line 771]
Event: 0.894 Thread 0x000002bfff96f2d0 Exception <a 'java/lang/NoSuchMethodError'{0x0000000710549e18}: 'java.lang.Object java.lang.invoke.DirectMethodHandle$Holder.invokeStaticInit(java.lang.Object, java.lang.Object, int, int, int, int)'> (0x0000000710549e18) 
thrown [s\src\hotspot\share\interpreter\linkResolver.cpp, line 771]
Event: 1.060 Thread 0x000002bfff96f2d0 Exception <a 'java/lang/NoSuchMethodError'{0x00000007105786f8}: 'void java.lang.invoke.DirectMethodHandle$Holder.invokeStatic(java.lang.Object, java.lang.Object, java.lang.Object)'> (0x00000007105786f8) 
thrown [s\src\hotspot\share\interpreter\linkResolver.cpp, line 771]
Event: 1.069 Thread 0x000002bfff96f2d0 Implicit null exception at 0x000002bf8c3135f2 to 0x000002bf8c313c4c
Event: 1.069 Thread 0x000002bfff96f2d0 Implicit null exception at 0x000002bf8c31f772 to 0x000002bf8c31fdcc

VM Operations (16 events):
Event: 0.089 Executing VM operation: HandshakeAllThreads
Event: 0.089 Executing VM operation: HandshakeAllThreads done
Event: 0.612 Executing VM operation: G1CollectForAllocation
Event: 0.615 Executing VM operation: G1CollectForAllocation done
Event: 0.624 Executing VM operation: HandshakeAllThreads
Event: 0.624 Executing VM operation: HandshakeAllThreads done
Event: 0.784 Executing VM operation: HandshakeAllThreads
Event: 0.784 Executing VM operation: HandshakeAllThreads done
Event: 0.886 Executing VM operation: HandshakeAllThreads
Event: 0.886 Executing VM operation: HandshakeAllThreads done
Event: 1.888 Executing VM operation: Cleanup
Event: 1.889 Executing VM operation: Cleanup done
Event: 5.927 Executing VM operation: Cleanup
Event: 5.927 Executing VM operation: Cleanup done
Event: 11.962 Executing VM operation: Cleanup
Event: 11.962 Executing VM operation: Cleanup done

Events (20 events):
Event: 1.265 loading class jdk/internal/reflect/ByteVectorImpl
Event: 1.265 loading class jdk/internal/reflect/ByteVector
Event: 1.265 loading class jdk/internal/reflect/ByteVector done
Event: 1.265 loading class jdk/internal/reflect/ByteVectorImpl done
Event: 1.265 loading class jdk/internal/reflect/ClassFileAssembler
Event: 1.265 loading class jdk/internal/reflect/ClassFileAssembler done
Event: 1.265 loading class jdk/internal/reflect/UTF8
Event: 1.265 loading class jdk/internal/reflect/UTF8 done
Event: 1.266 loading class jdk/internal/reflect/Label
Event: 1.266 loading class jdk/internal/reflect/Label done
Event: 1.266 loading class jdk/internal/reflect/Label$PatchInfo
Event: 1.266 loading class jdk/internal/reflect/Label$PatchInfo done
Event: 1.266 loading class jdk/internal/reflect/MethodAccessorGenerator$1
Event: 1.266 loading class jdk/internal/reflect/MethodAccessorGenerator$1 done
Event: 1.266 loading class jdk/internal/reflect/ClassDefiner
Event: 1.266 loading class jdk/internal/reflect/ClassDefiner done
Event: 1.266 loading class jdk/internal/reflect/ClassDefiner$1
Event: 1.266 loading class jdk/internal/reflect/ClassDefiner$1 done
Event: 1.842 loading class jdk/internal/misc/ScopedMemoryAccess$Scope
Event: 1.842 loading class jdk/internal/misc/ScopedMemoryAccess$Scope done


Dynamic libraries:
0x00007ff6326b0000 - 0x00007ff6326ba000 	C:\Program Files\Android\Android Studio\jbr\bin\java.exe
0x00007ff902dd0000 - 0x00007ff902fe4000 	C:\Windows\SYSTEM32\ntdll.dll
0x00007ff901d00000 - 0x00007ff901dc4000 	C:\Windows\System32\KERNEL32.DLL
0x00007ff900440000 - 0x00007ff9007e4000 	C:\Windows\System32\KERNELBASE.dll
0x00007ff900a00000 - 0x00007ff900b11000 	C:\Windows\System32\ucrtbase.dll
0x00007ff8d0dd0000 - 0x00007ff8d0de7000 	C:\Program Files\Android\Android Studio\jbr\bin\jli.dll
0x00007ff8ce4a0000 - 0x00007ff8ce4bb000 	C:\Program Files\Android\Android Studio\jbr\bin\VCRUNTIME140.dll
0x00007ff9029b0000 - 0x00007ff902b5a000 	C:\Windows\System32\USER32.dll
0x00007ff9009d0000 - 0x00007ff9009f6000 	C:\Windows\System32\win32u.dll
0x00007ff8e67f0000 - 0x00007ff8e6a7f000 	C:\Windows\WinSxS\amd64_microsoft.windows.common-controls_6595b64144ccf1df_6.0.22621.2070_none_2713e6537381f706\COMCTL32.dll
0x00007ff902210000 - 0x00007ff902239000 	C:\Windows\System32\GDI32.dll
0x00007ff9007f0000 - 0x00007ff900909000 	C:\Windows\System32\gdi32full.dll
0x00007ff902050000 - 0x00007ff9020f7000 	C:\Windows\System32\msvcrt.dll
0x00007ff9003a0000 - 0x00007ff90043a000 	C:\Windows\System32\msvcp_win.dll
0x00007ff9021d0000 - 0x00007ff902201000 	C:\Windows\System32\IMM32.DLL
0x00007ff8eb440000 - 0x00007ff8eb44c000 	C:\Program Files\Android\Android Studio\jbr\bin\vcruntime140_1.dll
0x00007ff8c8130000 - 0x00007ff8c81bd000 	C:\Program Files\Android\Android Studio\jbr\bin\msvcp140.dll
0x00007ff86f070000 - 0x00007ff86fcdd000 	C:\Program Files\Android\Android Studio\jbr\bin\server\jvm.dll
0x00007ff901ed0000 - 0x00007ff901f80000 	C:\Windows\System32\ADVAPI32.dll
0x00007ff900cc0000 - 0x00007ff900d66000 	C:\Windows\System32\sechost.dll
0x00007ff902240000 - 0x00007ff902357000 	C:\Windows\System32\RPCRT4.dll
0x00007ff85b850000 - 0x00007ff85b859000 	C:\Windows\SYSTEM32\WSOCK32.dll
0x00007ff8f5400000 - 0x00007ff8f5434000 	C:\Windows\SYSTEM32\WINMM.dll
0x00007ff8f7230000 - 0x00007ff8f723a000 	C:\Windows\SYSTEM32\VERSION.dll
0x00007ff901f80000 - 0x00007ff901ff1000 	C:\Windows\System32\WS2_32.dll
0x00007ff8ff160000 - 0x00007ff8ff178000 	C:\Windows\SYSTEM32\kernel.appcore.dll
0x00007ff8e93f0000 - 0x00007ff8e93fa000 	C:\Program Files\Android\Android Studio\jbr\bin\jimage.dll
0x00007ff8f50e0000 - 0x00007ff8f530e000 	C:\Windows\SYSTEM32\DBGHELP.DLL
0x00007ff901960000 - 0x00007ff901cea000 	C:\Windows\System32\combase.dll
0x00007ff901000000 - 0x00007ff9010d7000 	C:\Windows\System32\OLEAUT32.dll
0x00007ff8eb2c0000 - 0x00007ff8eb2f2000 	C:\Windows\SYSTEM32\dbgcore.DLL
0x00007ff9001b0000 - 0x00007ff90022a000 	C:\Windows\System32\bcryptPrimitives.dll
0x00007ff8ce470000 - 0x00007ff8ce495000 	C:\Program Files\Android\Android Studio\jbr\bin\java.dll
0x00007ff8c9b70000 - 0x00007ff8c9b88000 	C:\Program Files\Android\Android Studio\jbr\bin\zip.dll
0x00007ff9010e0000 - 0x00007ff9018f6000 	C:\Windows\System32\SHELL32.dll
0x00007ff8fe130000 - 0x00007ff8fea1a000 	C:\Windows\SYSTEM32\windows.storage.dll
0x00007ff8fdff0000 - 0x00007ff8fe12e000 	C:\Windows\SYSTEM32\wintypes.dll
0x00007ff901dd0000 - 0x00007ff901ec3000 	C:\Windows\System32\SHCORE.dll
0x00007ff901900000 - 0x00007ff90195e000 	C:\Windows\System32\shlwapi.dll
0x00007ff9000e0000 - 0x00007ff900106000 	C:\Windows\SYSTEM32\profapi.dll
0x00007ff8c9b50000 - 0x00007ff8c9b69000 	C:\Program Files\Android\Android Studio\jbr\bin\net.dll
0x00007ff8f9e40000 - 0x00007ff8f9f77000 	C:\Windows\SYSTEM32\WINHTTP.dll
0x00007ff8ff620000 - 0x00007ff8ff689000 	C:\Windows\system32\mswsock.dll
0x00007ff8c9a90000 - 0x00007ff8c9aa6000 	C:\Program Files\Android\Android Studio\jbr\bin\nio.dll
0x00007ff8e90c0000 - 0x00007ff8e90d0000 	C:\Program Files\Android\Android Studio\jbr\bin\verify.dll
0x00007ff8eb4a0000 - 0x00007ff8eb4c7000 	C:\Users\lui_z\.gradle\native\e1d6ef7f7dcc3fd88c89a11ec53ec762bb8ba0a96d01ffa2cd45eb1d1d8dd5c5\windows-amd64\native-platform.dll
0x00007ff8fd420000 - 0x00007ff8fd429000 	C:\Program Files\Android\Android Studio\jbr\bin\management.dll
0x00007ff8fd410000 - 0x00007ff8fd41b000 	C:\Program Files\Android\Android Studio\jbr\bin\management_ext.dll
0x00007ff902d20000 - 0x00007ff902d28000 	C:\Windows\System32\PSAPI.DLL
0x00007ff8ff9b0000 - 0x00007ff8ff9cb000 	C:\Windows\SYSTEM32\CRYPTSP.dll
0x00007ff8ff120000 - 0x00007ff8ff155000 	C:\Windows\system32\rsaenh.dll
0x00007ff8ff6c0000 - 0x00007ff8ff6ec000 	C:\Windows\SYSTEM32\USERENV.dll
0x00007ff8ffb50000 - 0x00007ff8ffb78000 	C:\Windows\SYSTEM32\bcrypt.dll
0x00007ff8ff920000 - 0x00007ff8ff92c000 	C:\Windows\SYSTEM32\CRYPTBASE.dll
0x00007ff8fec80000 - 0x00007ff8fecad000 	C:\Windows\SYSTEM32\IPHLPAPI.DLL
0x00007ff900cb0000 - 0x00007ff900cb9000 	C:\Windows\System32\NSI.dll
0x00007ff8f9950000 - 0x00007ff8f9969000 	C:\Windows\SYSTEM32\dhcpcsvc6.DLL
0x00007ff8f9930000 - 0x00007ff8f994f000 	C:\Windows\SYSTEM32\dhcpcsvc.DLL
0x00007ff8fecf0000 - 0x00007ff8fede3000 	C:\Windows\SYSTEM32\DNSAPI.dll
0x00007ff8e9a80000 - 0x00007ff8e9a88000 	C:\Windows\system32\wshunix.dll

dbghelp: loaded successfully - version: 4.0.5 - missing functions: none
symbol engine: initialized successfully - sym options: 0x614 - pdb path: .;C:\Program Files\Android\Android Studio\jbr\bin;C:\Windows\SYSTEM32;C:\Windows\WinSxS\amd64_microsoft.windows.common-controls_6595b64144ccf1df_6.0.22621.2070_none_2713e6537381f706;C:\Program Files\Android\Android Studio\jbr\bin\server;C:\Users\lui_z\.gradle\native\e1d6ef7f7dcc3fd88c89a11ec53ec762bb8ba0a96d01ffa2cd45eb1d1d8dd5c5\windows-amd64

VM Arguments:
jvm_args: -Dorg.gradle.appname=gradlew 
java_command: org.gradle.wrapper.GradleWrapperMain -q -Ptarget-platform=android-arm64 -Ptarget=C:\Pastelaria\Pastelaria\Pastelaria_Do_lindo-master\lib\main.dart -Pbase-application-name=android.app.Application -Pdart-defines=RkxVVFRFUl9XRUJfQVVUT19ERVRFQ1Q9dHJ1ZQ==,RkxVVFRFUl9XRUJfQ0FOVkFTS0lUX1VSTD1odHRwczovL3d3dy5nc3RhdGljLmNvbS9mbHV0dGVyLWNhbnZhc2tpdC9jZGJlZGE3ODhhMjkzZmEyOTY2NWRjM2ZhM2Q2ZTYzYmQyMjFjYjBkLw== -Pdart-obfuscation=false -Ptrack-widget-creation=true -Ptree-shake-icons=false -Pfilesystem-scheme=org-dartlang-root assembleDebug
java_class_path (initial): C:\Pastelaria\Pastelaria\Pastelaria_Do_lindo-master\android\\gradle\wrapper\gradle-wrapper.jar
Launcher Type: SUN_STANDARD

[Global flags]
     intx CICompilerCount                          = 4                                         {product} {ergonomic}
     uint ConcGCThreads                            = 3                                         {product} {ergonomic}
     uint G1ConcRefinementThreads                  = 10                                        {product} {ergonomic}
   size_t G1HeapRegionSize                         = 2097152                                   {product} {ergonomic}
    uintx GCDrainStackTargetSize                   = 64                                        {product} {ergonomic}
   size_t InitialHeapSize                          = 268435456                                 {product} {ergonomic}
   size_t MarkStackSize                            = 4194304                                   {product} {ergonomic}
   size_t MaxHeapSize                              = 4278190080                                {product} {ergonomic}
   size_t MaxNewSize                               = 2566914048                                {product} {ergonomic}
   size_t MinHeapDeltaBytes                        = 2097152                                   {product} {ergonomic}
   size_t MinHeapSize                              = 8388608                                   {product} {ergonomic}
    uintx NonNMethodCodeHeapSize                   = 5839372                                {pd product} {ergonomic}
    uintx NonProfiledCodeHeapSize                  = 122909434                              {pd product} {ergonomic}
    uintx ProfiledCodeHeapSize                     = 122909434                              {pd product} {ergonomic}
    uintx ReservedCodeCacheSize                    = 251658240                              {pd product} {ergonomic}
     bool SegmentedCodeCache                       = true                                      {product} {ergonomic}
   size_t SoftMaxHeapSize                          = 4278190080                             {manageable} {ergonomic}
     bool UseCompressedClassPointers               = true                           {product lp64_product} {ergonomic}
     bool UseCompressedOops                        = true                           {product lp64_product} {ergonomic}
     bool UseG1GC                                  = true                                      {product} {ergonomic}
     bool UseLargePagesIndividualAllocation        = false                                  {pd product} {ergonomic}

Logging:
Log output configuration:
 #0: stdout all=warning uptime,level,tags
 #1: stderr all=off uptime,level,tags

Environment Variables:
JAVA_HOME=C:\Program Files\Android\Android Studio\jbr
CLASSPATH=C:\Pastelaria\Pastelaria\Pastelaria_Do_lindo-master\android\\gradle\wrapper\gradle-wrapper.jar
PATH=C:\Program Files\Microsoft\jdk-11.0.16.101-hotspot\bin;C:\Windows\system32;C:\Windows;C:\Windows\System32\Wbem;C:\Windows\System32\WindowsPowerShell\v1.0\;C:\Windows\System32\OpenSSH\;C:\Program Files\Microsoft SQL Server\150\Tools\Binn\;C:\Program Files\Microsoft SQL Server\Client SDK\ODBC\170\Tools\Binn\;C:\Program Files\Git\cmd;C:\Program Files\nodejs\;C:\Program Files (x86)\Microsoft SQL Server\160\DTS\Binn\;C:\Program Files\Azure Data Studio\bin;C:\Program Files\dotnet\;C:\Program Files\PowerShell\7\;C:\Users\lui_z\AppData\Local\Programs\Python\Python311\Scripts\;C:\Users\lui_z\AppData\Local\Programs\Python\Python311\;C:\Users\lui_z\AppData\Local\Microsoft\WindowsApps;C:\Users\lui_z\AppData\Local\Programs\Microsoft VS Code\bin;C:\flutter\bin;C:\Users\lui_z\AppData\Roaming\npm;C:\Program Files\Azure Data Studio\bin;C:\Users\lui_z\.dotnet\tools;C:\Users\lui_z\AppData\Local\Pub\Cache\bin;C:\adb;;C:\flutter\bin\mingit\cmd
USERNAME=lui_z
OS=Windows_NT
PROCESSOR_IDENTIFIER=Intel64 Family 6 Model 158 Stepping 10, GenuineIntel
TMP=C:\Users\lui_z\AppData\Local\Temp
TEMP=C:\Users\lui_z\AppData\Local\Temp



---------------  S Y S T E M  ---------------

OS:
 Windows 11 , 64 bit Build 22621 (10.0.22621.2070)
OS uptime: 0 days 0:47 hours
Hyper-V role detected

CPU: total 12 (initial active 12) (6 cores per cpu, 2 threads per core) family 6 model 158 stepping 10 microcode 0xde, cx8, cmov, fxsr, ht, mmx, 3dnowpref, sse, sse2, sse3, ssse3, sse4.1, sse4.2, popcnt, lzcnt, tsc, tscinvbit, avx, avx2, aes, erms, clmul, bmi1, bmi2, rtm, adx, fma, vzeroupper, clflush, clflushopt, hv

Memory: 4k page, system-wide physical 16318M (4886M free)
TotalPageFile size 16318M (AvailPageFile size 113M)
current process WorkingSet (physical memory assigned to process): 95M, peak: 99M
current process commit charge ("private bytes"): 369M, peak: 370M

vm_info: OpenJDK 64-Bit Server VM (17.0.6+0-b2043.56-9586694) for windows-amd64 JRE (17.0.6+0-b2043.56-9586694), built on Feb  9 2023 20:06:20 by "androidbuild" with MS VC++ 16.10 / 16.11 (VS2019)

END.
